TN:
SF:server.js
FN:101,(anonymous_0)
FN:138,(anonymous_1)
FN:180,(anonymous_2)
FNF:3
FNH:1
FNDA:4,(anonymous_0)
FNDA:0,(anonymous_1)
FNDA:0,(anonymous_2)
DA:12,1
DA:13,1
DA:14,1
DA:15,1
DA:16,1
DA:19,1
DA:20,1
DA:21,1
DA:27,1
DA:28,1
DA:34,1
DA:35,1
DA:40,1
DA:42,1
DA:44,1
DA:45,1
DA:46,0
DA:47,0
DA:51,1
DA:63,1
DA:82,1
DA:85,1
DA:87,1
DA:88,1
DA:101,1
DA:102,4
DA:104,4
DA:105,1
DA:108,3
DA:110,3
DA:117,3
DA:118,3
DA:128,3
DA:129,2
DA:131,2
DA:133,2
DA:134,2
DA:137,2
DA:138,2
DA:140,2
DA:142,0
DA:144,0
DA:153,1
DA:154,1
DA:157,1
DA:158,1
DA:167,0
DA:179,1
DA:180,0
DA:181,0
DA:186,1
LF:51
LH:44
BRDA:34,0,0,1
BRDA:34,0,1,0
BRDA:36,1,0,1
BRDA:36,1,1,1
BRDA:42,2,0,1
BRDA:42,2,1,0
BRDA:45,3,0,0
BRDA:45,3,1,1
BRDA:45,4,0,1
BRDA:45,4,1,0
BRDA:51,5,0,1
BRDA:51,5,1,0
BRDA:104,6,0,1
BRDA:104,6,1,3
BRDA:108,7,0,1
BRDA:108,8,0,1
BRDA:108,9,0,2
BRDA:108,10,0,2
BRDA:108,11,0,3
BRDA:108,11,1,1
BRDA:157,12,0,1
BRDA:157,12,1,0
BRDA:157,13,0,1
BRDA:157,13,1,0
BRDA:157,13,2,0
BRDA:179,14,0,0
BRDA:179,14,1,1
BRF:27
BRH:18
end_of_record
