TN:
SF:server.js
FN:75,(anonymous_0)
FNF:1
FNH:0
FNDA:0,(anonymous_0)
DA:11,1
DA:12,1
DA:13,1
DA:14,1
DA:15,1
DA:18,1
DA:19,1
DA:20,1
DA:21,1
DA:22,1
DA:25,1
DA:27,1
DA:28,1
DA:35,1
DA:36,1
DA:37,1
DA:38,1
DA:41,1
DA:42,1
DA:46,1
DA:49,1
DA:62,1
DA:64,1
DA:65,1
DA:68,1
DA:74,1
DA:75,0
DA:76,0
DA:81,1
LF:29
LH:27
BRDA:28,0,0,1
BRDA:28,0,1,0
BRDA:41,1,0,1
BRDA:41,1,1,0
BRDA:43,2,0,1
BRDA:43,2,1,1
BRDA:74,3,0,0
BRDA:74,3,1,1
BRF:8
BRH:5
end_of_record
TN:
SF:routes\chatRoutes.js
FN:59,(anonymous_0)
FN:98,(anonymous_1)
FNF:2
FNH:1
FNDA:4,(anonymous_0)
FNDA:0,(anonymous_1)
DA:8,1
DA:9,1
DA:10,1
DA:12,1
DA:13,1
DA:14,0
DA:15,0
DA:19,1
DA:30,1
DA:59,1
DA:60,4
DA:62,4
DA:63,1
DA:66,3
DA:68,3
DA:75,3
DA:76,3
DA:86,3
DA:87,2
DA:89,2
DA:91,2
DA:92,2
DA:95,2
DA:96,2
DA:97,2
DA:98,2
DA:101,2
DA:103,0
DA:105,0
DA:114,1
DA:115,1
DA:118,1
DA:119,1
DA:128,0
DA:137,1
LF:35
LH:30
BRDA:13,0,0,0
BRDA:13,0,1,1
BRDA:13,1,0,1
BRDA:13,1,1,0
BRDA:19,2,0,1
BRDA:19,2,1,0
BRDA:62,3,0,1
BRDA:62,3,1,3
BRDA:66,4,0,1
BRDA:66,5,0,1
BRDA:66,6,0,2
BRDA:66,7,0,2
BRDA:66,8,0,3
BRDA:66,8,1,1
BRDA:95,9,0,2
BRDA:95,9,1,0
BRDA:95,10,0,2
BRDA:95,10,1,2
BRDA:95,10,2,2
BRDA:118,11,0,1
BRDA:118,11,1,0
BRDA:118,12,0,1
BRDA:118,12,1,0
BRDA:118,12,2,0
BRF:24
BRH:17
end_of_record
